2023-03-01 22:15:54.725  INFO 796 --- [main] lavalink.server.Launcher                 : 

[32m       .  [31m _                  _ _       _    [32m__ _ _
[32m      /\\ [31m| | __ ___   ____ _| (_)_ __ | | __[32m\ \ \ \
[32m     ( ( )[31m| |/ _` \ \ / / _` | | | '_ \| |/ /[32m \ \ \ \
[32m      \\/ [31m| | (_| |\ V / (_| | | | | | |   < [32m  ) ) ) )
[32m       '  [31m|_|\__,_| \_/ \__,_|_|_|_| |_|_|\_\[32m / / / /
[0m    =========================================[32m/_/_/_/[0m

	Version:        eec629def799086d30e7df25f03c398d64357783-SNAPSHOT
	Build:          1342
	Build time:     22.02.2022 11:17:22 UTC
	Branch          master
	Commit:         eec629d
	Commit time:    22.02.2022 11:14:41 UTC
	JVM:            17.0.3.1
	Lavaplayer      1.3.96-original

2023-03-01 22:15:54.798  INFO 796 --- [main] lavalink.server.Launcher                 : Starting Launcher on Ezra with PID 796 (C:\Users\Ezra\Documents\Projects\Python\Rythm\lavalink\Lavalink.jar started by Ezra in C:\Users\Ezra\Documents\Projects\Python\Rythm\lavalink)
2023-03-01 22:15:54.798  INFO 796 --- [main] lavalink.server.Launcher                 : No active profile set, falling back to default profiles: default
2023-03-01 22:15:54.847  WARN 796 --- [background-preinit] o.s.h.c.j.Jackson2ObjectMapperBuilder    : For Jackson Kotlin classes support please add "com.fasterxml.jackson.module:jackson-module-kotlin" to the classpath
2023-03-01 22:15:55.579  WARN 796 --- [main] io.undertow.websockets.jsr               : UT026010: Buffer pool was not set on WebSocketDeploymentInfo, the default pool will be used
2023-03-01 22:15:55.596  INFO 796 --- [main] io.undertow.servlet                      : Initializing Spring embedded WebApplicationContext
2023-03-01 22:15:55.597  INFO 796 --- [main] o.s.web.context.ContextLoader            : Root WebApplicationContext: initialization completed in 768 ms
2023-03-01 22:15:55.822  WARN 796 --- [main] l.server.config.SentryConfiguration      : Turning off sentry
2023-03-01 22:15:56.027  INFO 796 --- [main] c.s.d.l.tools.GarbageCollectionMonitor   : GC monitoring enabled, reporting results every 2 minutes.
2023-03-01 22:15:56.215  INFO 796 --- [main] lavalink.server.config.KoeConfiguration  : OS: Windows 10, Arch: amd64
2023-03-01 22:15:56.215  WARN 796 --- [main] lavalink.server.config.KoeConfiguration  : This system and architecture appears to not support native audio sending! GC pauses may cause your bot to stutter during playback.
2023-03-01 22:15:56.368  INFO 796 --- [main] o.s.s.concurrent.ThreadPoolTaskExecutor  : Initializing ExecutorService 'applicationTaskExecutor'
2023-03-01 22:15:56.569  INFO 796 --- [main] org.xnio                                 : XNIO version 3.3.8.Final
2023-03-01 22:15:56.576  INFO 796 --- [main] org.xnio.nio                             : XNIO NIO Implementation Version 3.3.8.Final
2023-03-01 22:15:56.624  INFO 796 --- [main] o.s.b.w.e.u.UndertowServletWebServer     : Undertow started on port(s) 2333 (http) with context path ''
2023-03-01 22:15:56.627  INFO 796 --- [main] lavalink.server.Launcher                 : Started Launcher in 2.208 seconds (JVM running for 2.729)
2023-03-01 22:15:56.628  INFO 796 --- [main] lavalink.server.Launcher                 : You can safely ignore the big red warning about illegal reflection. See https://github.com/freyacodes/Lavalink/issues/295
2023-03-01 22:21:27.450  INFO 796 --- [XNIO-1 task-1] io.undertow.servlet                      : Initializing Spring DispatcherServlet 'dispatcherServlet'
2023-03-01 22:21:27.451  INFO 796 --- [XNIO-1 task-1] o.s.web.servlet.DispatcherServlet        : Initializing Servlet 'dispatcherServlet'
2023-03-01 22:21:27.455  INFO 796 --- [XNIO-1 task-1] o.s.web.servlet.DispatcherServlet        : Completed initialization in 3 ms
2023-03-01 22:21:27.467  INFO 796 --- [XNIO-1 task-1] l.server.io.HandshakeInterceptorImpl     : Incoming connection from /127.0.0.1:56949
2023-03-01 22:21:27.507  INFO 796 --- [XNIO-1 task-1] lavalink.server.io.SocketServer          : Connection successfully established
2023-03-01 22:21:27.508  WARN 796 --- [XNIO-1 task-1] lavalink.server.io.SocketServer          : Library developers: Please specify a 'Client-Name' header. User agent: Python/3.9 aiohttp/3.7.4.post0
2023-03-01 22:21:44.450  INFO 796 --- [XNIO-1 I/O-9] lavalink.server.io.SocketServer          : {"op": "voiceUpdate", "guildId": "791571120942743562", "sessionId": "793daf2830f244c24de5fd9c2ab57d3b", "event": {"token": "a4ea59c2fe32b4a7", "guild_id": "791571120942743562", "endpoint": "us-central5604.discord.media:443"}}
2023-03-01 22:21:45.772  INFO 796 --- [XNIO-1 task-2] l.server.player.AudioLoaderRestHandler   : Got request to load for identifier "https://www.youtube.com/watch?v=lccVbc05AYA"
2023-03-01 22:21:47.226  INFO 796 --- [lava-daemon-pool-info-loader-2-thread-1] lavalink.server.player.AudioLoader       : Loaded track Daniel Barenboim – Chopin: Étude Op. 25 No.1 in A flat Major (Live from Pierre Boulez Saal, 2020)
2023-03-01 22:21:47.576  INFO 796 --- [XNIO-1 I/O-9] lavalink.server.io.SocketServer          : {"op": "play", "guildId": "791571120942743562", "track": "QAAA1gIAZERhbmllbCBCYXJlbmJvaW0g4oCTIENob3Bpbjogw4l0dWRlIE9wLiAyNSBOby4xIGluIEEgZmxhdCBNYWpvciAoTGl2ZSBmcm9tIFBpZXJyZSBCb3VsZXogU2FhbCwgMjAyMCkAGERldXRzY2hlIEdyYW1tb3Bob24gLSBERwAAAAAAArNoAAtsY2NWYmMwNUFZQQABACtodHRwczovL3d3dy55b3V0dWJlLmNvbS93YXRjaD92PWxjY1ZiYzA1QVlBAAd5b3V0dWJlAAAAAAAAAAA=", "noReplace": false, "startTime": "0"}
2023-03-01 22:21:48.740  INFO 796 --- [XNIO-1 I/O-9] lavalink.server.io.SocketServer          : {"op": "volume", "guildId": "791571120942743562", "volume": 100}
